ARM GAS  /tmp/cco29Yvx.s 			page 1


   1              		.cpu cortex-m3
   2              		.eabi_attribute 20, 1
   3              		.eabi_attribute 21, 1
   4              		.eabi_attribute 23, 3
   5              		.eabi_attribute 24, 1
   6              		.eabi_attribute 25, 1
   7              		.eabi_attribute 26, 1
   8              		.eabi_attribute 30, 1
   9              		.eabi_attribute 34, 1
  10              		.eabi_attribute 18, 4
  11              		.file	"gpio.c"
  12              		.text
  13              	.Ltext0:
  14              		.cfi_sections	.debug_frame
  15              		.section	.text.MX_GPIO_Init,"ax",%progbits
  16              		.align	1
  17              		.global	MX_GPIO_Init
  18              		.syntax unified
  19              		.thumb
  20              		.thumb_func
  21              		.fpu softvfp
  23              	MX_GPIO_Init:
  24              	.LFB64:
  25              		.file 1 "Src/gpio.c"
   1:Src/gpio.c    **** /**
   2:Src/gpio.c    ****   ******************************************************************************
   3:Src/gpio.c    ****   * File Name          : gpio.c
   4:Src/gpio.c    ****   * Description        : This file provides code for the configuration
   5:Src/gpio.c    ****   *                      of all used GPIO pins.
   6:Src/gpio.c    ****   ******************************************************************************
   7:Src/gpio.c    ****   ** This notice applies to any and all portions of this file
   8:Src/gpio.c    ****   * that are not between comment pairs USER CODE BEGIN and
   9:Src/gpio.c    ****   * USER CODE END. Other portions of this file, whether 
  10:Src/gpio.c    ****   * inserted by the user or by software development tools
  11:Src/gpio.c    ****   * are owned by their respective copyright owners.
  12:Src/gpio.c    ****   *
  13:Src/gpio.c    ****   * COPYRIGHT(c) 2017 STMicroelectronics
  14:Src/gpio.c    ****   *
  15:Src/gpio.c    ****   * Redistribution and use in source and binary forms, with or without modification,
  16:Src/gpio.c    ****   * are permitted provided that the following conditions are met:
  17:Src/gpio.c    ****   *   1. Redistributions of source code must retain the above copyright notice,
  18:Src/gpio.c    ****   *      this list of conditions and the following disclaimer.
  19:Src/gpio.c    ****   *   2. Redistributions in binary form must reproduce the above copyright notice,
  20:Src/gpio.c    ****   *      this list of conditions and the following disclaimer in the documentation
  21:Src/gpio.c    ****   *      and/or other materials provided with the distribution.
  22:Src/gpio.c    ****   *   3. Neither the name of STMicroelectronics nor the names of its contributors
  23:Src/gpio.c    ****   *      may be used to endorse or promote products derived from this software
  24:Src/gpio.c    ****   *      without specific prior written permission.
  25:Src/gpio.c    ****   *
  26:Src/gpio.c    ****   * THIS SOFTWARE IS PROVIDED BY THE COPYRIGHT HOLDERS AND CONTRIBUTORS "AS IS"
  27:Src/gpio.c    ****   * AND ANY EXPRESS OR IMPLIED WARRANTIES, INCLUDING, BUT NOT LIMITED TO, THE
  28:Src/gpio.c    ****   * IMPLIED WARRANTIES OF MERCHANTABILITY AND FITNESS FOR A PARTICULAR PURPOSE ARE
  29:Src/gpio.c    ****   * DISCLAIMED. IN NO EVENT SHALL THE COPYRIGHT HOLDER OR CONTRIBUTORS BE LIABLE
  30:Src/gpio.c    ****   * FOR ANY DIRECT, INDIRECT, INCIDENTAL, SPECIAL, EXEMPLARY, OR CONSEQUENTIAL
  31:Src/gpio.c    ****   * DAMAGES (INCLUDING, BUT NOT LIMITED TO, PROCUREMENT OF SUBSTITUTE GOODS OR
  32:Src/gpio.c    ****   * SERVICES; LOSS OF USE, DATA, OR PROFITS; OR BUSINESS INTERRUPTION) HOWEVER
  33:Src/gpio.c    ****   * CAUSED AND ON ANY THEORY OF LIABILITY, WHETHER IN CONTRACT, STRICT LIABILITY,
ARM GAS  /tmp/cco29Yvx.s 			page 2


  34:Src/gpio.c    ****   * OR TORT (INCLUDING NEGLIGENCE OR OTHERWISE) ARISING IN ANY WAY OUT OF THE USE
  35:Src/gpio.c    ****   * OF THIS SOFTWARE, EVEN IF ADVISED OF THE POSSIBILITY OF SUCH DAMAGE.
  36:Src/gpio.c    ****   *
  37:Src/gpio.c    ****   ******************************************************************************
  38:Src/gpio.c    ****   */
  39:Src/gpio.c    **** 
  40:Src/gpio.c    **** /* Includes ------------------------------------------------------------------*/
  41:Src/gpio.c    **** #include "gpio.h"
  42:Src/gpio.c    **** /* USER CODE BEGIN 0 */
  43:Src/gpio.c    **** 
  44:Src/gpio.c    **** /* USER CODE END 0 */
  45:Src/gpio.c    **** 
  46:Src/gpio.c    **** /*----------------------------------------------------------------------------*/
  47:Src/gpio.c    **** /* Configure GPIO                                                             */
  48:Src/gpio.c    **** /*----------------------------------------------------------------------------*/
  49:Src/gpio.c    **** /* USER CODE BEGIN 1 */
  50:Src/gpio.c    **** 
  51:Src/gpio.c    **** /* USER CODE END 1 */
  52:Src/gpio.c    **** 
  53:Src/gpio.c    **** /** Configure pins as 
  54:Src/gpio.c    ****         * Analog 
  55:Src/gpio.c    ****         * Input 
  56:Src/gpio.c    ****         * Output
  57:Src/gpio.c    ****         * EVENT_OUT
  58:Src/gpio.c    ****         * EXTI
  59:Src/gpio.c    **** */
  60:Src/gpio.c    **** void MX_GPIO_Init(void)
  61:Src/gpio.c    **** {
  26              		.loc 1 61 0
  27              		.cfi_startproc
  28              		@ args = 0, pretend = 0, frame = 32
  29              		@ frame_needed = 0, uses_anonymous_args = 0
  30 0000 2DE9F041 		push	{r4, r5, r6, r7, r8, lr}
  31              	.LCFI0:
  32              		.cfi_def_cfa_offset 24
  33              		.cfi_offset 4, -24
  34              		.cfi_offset 5, -20
  35              		.cfi_offset 6, -16
  36              		.cfi_offset 7, -12
  37              		.cfi_offset 8, -8
  38              		.cfi_offset 14, -4
  39 0004 88B0     		sub	sp, sp, #32
  40              	.LCFI1:
  41              		.cfi_def_cfa_offset 56
  42              	.LBB2:
  62:Src/gpio.c    **** 
  63:Src/gpio.c    ****   GPIO_InitTypeDef GPIO_InitStruct;
  64:Src/gpio.c    **** 
  65:Src/gpio.c    ****   /* GPIO Ports Clock Enable */
  66:Src/gpio.c    ****   __HAL_RCC_GPIOC_CLK_ENABLE();
  43              		.loc 1 66 0
  44 0006 2C4B     		ldr	r3, .L3
  45 0008 9A69     		ldr	r2, [r3, #24]
  46 000a 42F01002 		orr	r2, r2, #16
  47 000e 9A61     		str	r2, [r3, #24]
  48 0010 9A69     		ldr	r2, [r3, #24]
  49 0012 02F01002 		and	r2, r2, #16
ARM GAS  /tmp/cco29Yvx.s 			page 3


  50 0016 0092     		str	r2, [sp]
  51 0018 009A     		ldr	r2, [sp]
  52              	.LBE2:
  53              	.LBB3:
  67:Src/gpio.c    ****   __HAL_RCC_GPIOD_CLK_ENABLE();
  54              		.loc 1 67 0
  55 001a 9A69     		ldr	r2, [r3, #24]
  56 001c 42F02002 		orr	r2, r2, #32
  57 0020 9A61     		str	r2, [r3, #24]
  58 0022 9A69     		ldr	r2, [r3, #24]
  59 0024 02F02002 		and	r2, r2, #32
  60 0028 0192     		str	r2, [sp, #4]
  61 002a 019A     		ldr	r2, [sp, #4]
  62              	.LBE3:
  63              	.LBB4:
  68:Src/gpio.c    ****   __HAL_RCC_GPIOA_CLK_ENABLE();
  64              		.loc 1 68 0
  65 002c 9A69     		ldr	r2, [r3, #24]
  66 002e 42F00402 		orr	r2, r2, #4
  67 0032 9A61     		str	r2, [r3, #24]
  68 0034 9A69     		ldr	r2, [r3, #24]
  69 0036 02F00402 		and	r2, r2, #4
  70 003a 0292     		str	r2, [sp, #8]
  71 003c 029A     		ldr	r2, [sp, #8]
  72              	.LBE4:
  73              	.LBB5:
  69:Src/gpio.c    ****   __HAL_RCC_GPIOB_CLK_ENABLE();
  74              		.loc 1 69 0
  75 003e 9A69     		ldr	r2, [r3, #24]
  76 0040 42F00802 		orr	r2, r2, #8
  77 0044 9A61     		str	r2, [r3, #24]
  78 0046 9B69     		ldr	r3, [r3, #24]
  79 0048 03F00803 		and	r3, r3, #8
  80 004c 0393     		str	r3, [sp, #12]
  81 004e 039B     		ldr	r3, [sp, #12]
  82              	.LBE5:
  70:Src/gpio.c    **** 
  71:Src/gpio.c    ****   /*Configure GPIO pin Output Level */
  72:Src/gpio.c    ****   HAL_GPIO_WritePin(LED_GPIO_Port, LED_Pin, GPIO_PIN_RESET);
  83              		.loc 1 72 0
  84 0050 DFF87080 		ldr	r8, .L3+12
  85 0054 0022     		movs	r2, #0
  86 0056 4FF40051 		mov	r1, #8192
  87 005a 4046     		mov	r0, r8
  88 005c FFF7FEFF 		bl	HAL_GPIO_WritePin
  89              	.LVL0:
  73:Src/gpio.c    **** 
  74:Src/gpio.c    ****   /*Configure GPIO pin Output Level */
  75:Src/gpio.c    ****   HAL_GPIO_WritePin(LATCH_GPIO_Port, LATCH_Pin, GPIO_PIN_RESET);
  90              		.loc 1 75 0
  91 0060 164F     		ldr	r7, .L3+4
  92 0062 0022     		movs	r2, #0
  93 0064 4021     		movs	r1, #64
  94 0066 3846     		mov	r0, r7
  95 0068 FFF7FEFF 		bl	HAL_GPIO_WritePin
  96              	.LVL1:
  76:Src/gpio.c    **** 
ARM GAS  /tmp/cco29Yvx.s 			page 4


  77:Src/gpio.c    ****   /*Configure GPIO pin Output Level */
  78:Src/gpio.c    ****   HAL_GPIO_WritePin(GPIOB, L1_Pin|L2_Pin|L3_Pin|L4_Pin, GPIO_PIN_RESET);
  97              		.loc 1 78 0
  98 006c 144E     		ldr	r6, .L3+8
  99 006e 0022     		movs	r2, #0
 100 0070 4FF47041 		mov	r1, #61440
 101 0074 3046     		mov	r0, r6
 102 0076 FFF7FEFF 		bl	HAL_GPIO_WritePin
 103              	.LVL2:
  79:Src/gpio.c    **** 
  80:Src/gpio.c    ****   /*Configure GPIO pin : PtPin */
  81:Src/gpio.c    ****   GPIO_InitStruct.Pin = LED_Pin;
 104              		.loc 1 81 0
 105 007a 4FF40053 		mov	r3, #8192
 106 007e 0493     		str	r3, [sp, #16]
  82:Src/gpio.c    ****   GPIO_InitStruct.Mode = GPIO_MODE_OUTPUT_PP;
 107              		.loc 1 82 0
 108 0080 0125     		movs	r5, #1
 109 0082 0595     		str	r5, [sp, #20]
  83:Src/gpio.c    ****   GPIO_InitStruct.Speed = GPIO_SPEED_FREQ_LOW;
 110              		.loc 1 83 0
 111 0084 0224     		movs	r4, #2
 112 0086 0794     		str	r4, [sp, #28]
  84:Src/gpio.c    ****   HAL_GPIO_Init(LED_GPIO_Port, &GPIO_InitStruct);
 113              		.loc 1 84 0
 114 0088 04A9     		add	r1, sp, #16
 115 008a 4046     		mov	r0, r8
 116 008c FFF7FEFF 		bl	HAL_GPIO_Init
 117              	.LVL3:
  85:Src/gpio.c    **** 
  86:Src/gpio.c    ****   /*Configure GPIO pin : PtPin */
  87:Src/gpio.c    ****   GPIO_InitStruct.Pin = LATCH_Pin;
 118              		.loc 1 87 0
 119 0090 4023     		movs	r3, #64
 120 0092 0493     		str	r3, [sp, #16]
  88:Src/gpio.c    ****   GPIO_InitStruct.Mode = GPIO_MODE_OUTPUT_PP;
 121              		.loc 1 88 0
 122 0094 0595     		str	r5, [sp, #20]
  89:Src/gpio.c    ****   GPIO_InitStruct.Speed = GPIO_SPEED_FREQ_LOW;
 123              		.loc 1 89 0
 124 0096 0794     		str	r4, [sp, #28]
  90:Src/gpio.c    ****   HAL_GPIO_Init(LATCH_GPIO_Port, &GPIO_InitStruct);
 125              		.loc 1 90 0
 126 0098 04A9     		add	r1, sp, #16
 127 009a 3846     		mov	r0, r7
 128 009c FFF7FEFF 		bl	HAL_GPIO_Init
 129              	.LVL4:
  91:Src/gpio.c    **** 
  92:Src/gpio.c    ****   /*Configure GPIO pins : PBPin PBPin PBPin PBPin */
  93:Src/gpio.c    ****   GPIO_InitStruct.Pin = L1_Pin|L2_Pin|L3_Pin|L4_Pin;
 130              		.loc 1 93 0
 131 00a0 4FF47043 		mov	r3, #61440
 132 00a4 0493     		str	r3, [sp, #16]
  94:Src/gpio.c    ****   GPIO_InitStruct.Mode = GPIO_MODE_OUTPUT_PP;
 133              		.loc 1 94 0
 134 00a6 0595     		str	r5, [sp, #20]
  95:Src/gpio.c    ****   GPIO_InitStruct.Speed = GPIO_SPEED_FREQ_LOW;
ARM GAS  /tmp/cco29Yvx.s 			page 5


 135              		.loc 1 95 0
 136 00a8 0794     		str	r4, [sp, #28]
  96:Src/gpio.c    ****   HAL_GPIO_Init(GPIOB, &GPIO_InitStruct);
 137              		.loc 1 96 0
 138 00aa 04A9     		add	r1, sp, #16
 139 00ac 3046     		mov	r0, r6
 140 00ae FFF7FEFF 		bl	HAL_GPIO_Init
 141              	.LVL5:
  97:Src/gpio.c    **** 
  98:Src/gpio.c    **** }
 142              		.loc 1 98 0
 143 00b2 08B0     		add	sp, sp, #32
 144              	.LCFI2:
 145              		.cfi_def_cfa_offset 24
 146              		@ sp needed
 147 00b4 BDE8F081 		pop	{r4, r5, r6, r7, r8, pc}
 148              	.L4:
 149              		.align	2
 150              	.L3:
 151 00b8 00100240 		.word	1073876992
 152 00bc 00080140 		.word	1073809408
 153 00c0 000C0140 		.word	1073810432
 154 00c4 00100140 		.word	1073811456
 155              		.cfi_endproc
 156              	.LFE64:
 158              		.section	.text.gpio_toggle_led,"ax",%progbits
 159              		.align	1
 160              		.global	gpio_toggle_led
 161              		.syntax unified
 162              		.thumb
 163              		.thumb_func
 164              		.fpu softvfp
 166              	gpio_toggle_led:
 167              	.LFB65:
  99:Src/gpio.c    **** 
 100:Src/gpio.c    **** /* USER CODE BEGIN 2 */
 101:Src/gpio.c    **** void gpio_toggle_led()
 102:Src/gpio.c    **** {
 168              		.loc 1 102 0
 169              		.cfi_startproc
 170              		@ args = 0, pretend = 0, frame = 0
 171              		@ frame_needed = 0, uses_anonymous_args = 0
 172 0000 08B5     		push	{r3, lr}
 173              	.LCFI3:
 174              		.cfi_def_cfa_offset 8
 175              		.cfi_offset 3, -8
 176              		.cfi_offset 14, -4
 103:Src/gpio.c    ****     HAL_GPIO_TogglePin(LED_GPIO_Port, LED_Pin);
 177              		.loc 1 103 0
 178 0002 4FF40051 		mov	r1, #8192
 179 0006 0248     		ldr	r0, .L7
 180 0008 FFF7FEFF 		bl	HAL_GPIO_TogglePin
 181              	.LVL6:
 104:Src/gpio.c    **** }
 182              		.loc 1 104 0
 183 000c 08BD     		pop	{r3, pc}
 184              	.L8:
ARM GAS  /tmp/cco29Yvx.s 			page 6


 185 000e 00BF     		.align	2
 186              	.L7:
 187 0010 00100140 		.word	1073811456
 188              		.cfi_endproc
 189              	.LFE65:
 191              		.section	.text.gpio_latch,"ax",%progbits
 192              		.align	1
 193              		.global	gpio_latch
 194              		.syntax unified
 195              		.thumb
 196              		.thumb_func
 197              		.fpu softvfp
 199              	gpio_latch:
 200              	.LFB66:
 105:Src/gpio.c    **** 
 106:Src/gpio.c    **** void gpio_latch(uint8_t val)
 107:Src/gpio.c    **** {
 201              		.loc 1 107 0
 202              		.cfi_startproc
 203              		@ args = 0, pretend = 0, frame = 0
 204              		@ frame_needed = 0, uses_anonymous_args = 0
 205              	.LVL7:
 206 0000 08B5     		push	{r3, lr}
 207              	.LCFI4:
 208              		.cfi_def_cfa_offset 8
 209              		.cfi_offset 3, -8
 210              		.cfi_offset 14, -4
 108:Src/gpio.c    ****     if(val == 0)
 211              		.loc 1 108 0
 212 0002 28B1     		cbz	r0, .L13
 109:Src/gpio.c    ****     {
 110:Src/gpio.c    ****       HAL_GPIO_WritePin(LATCH_GPIO_Port, LATCH_Pin, GPIO_PIN_RESET);
 111:Src/gpio.c    ****     } else {
 112:Src/gpio.c    ****       HAL_GPIO_WritePin(LATCH_GPIO_Port, LATCH_Pin, GPIO_PIN_SET);
 213              		.loc 1 112 0
 214 0004 0122     		movs	r2, #1
 215 0006 4021     		movs	r1, #64
 216 0008 0648     		ldr	r0, .L14
 217              	.LVL8:
 218 000a FFF7FEFF 		bl	HAL_GPIO_WritePin
 219              	.LVL9:
 220              	.L9:
 113:Src/gpio.c    ****     }
 114:Src/gpio.c    **** }
 221              		.loc 1 114 0
 222 000e 08BD     		pop	{r3, pc}
 223              	.LVL10:
 224              	.L13:
 110:Src/gpio.c    ****     } else {
 225              		.loc 1 110 0
 226 0010 0022     		movs	r2, #0
 227 0012 4021     		movs	r1, #64
 228 0014 00F18040 		add	r0, r0, #1073741824
 229              	.LVL11:
 230 0018 00F58430 		add	r0, r0, #67584
 231 001c FFF7FEFF 		bl	HAL_GPIO_WritePin
 232              	.LVL12:
ARM GAS  /tmp/cco29Yvx.s 			page 7


 233 0020 F5E7     		b	.L9
 234              	.L15:
 235 0022 00BF     		.align	2
 236              	.L14:
 237 0024 00080140 		.word	1073809408
 238              		.cfi_endproc
 239              	.LFE66:
 241              		.section	.text.gpio_layer,"ax",%progbits
 242              		.align	1
 243              		.global	gpio_layer
 244              		.syntax unified
 245              		.thumb
 246              		.thumb_func
 247              		.fpu softvfp
 249              	gpio_layer:
 250              	.LFB67:
 115:Src/gpio.c    **** 
 116:Src/gpio.c    **** void gpio_layer(uint8_t layer)
 117:Src/gpio.c    **** {
 251              		.loc 1 117 0
 252              		.cfi_startproc
 253              		@ args = 0, pretend = 0, frame = 0
 254              		@ frame_needed = 0, uses_anonymous_args = 0
 255              	.LVL13:
 256 0000 10B5     		push	{r4, lr}
 257              	.LCFI5:
 258              		.cfi_def_cfa_offset 8
 259              		.cfi_offset 4, -8
 260              		.cfi_offset 14, -4
 261 0002 0446     		mov	r4, r0
 118:Src/gpio.c    ****     HAL_GPIO_WritePin(GPIOB, GPIO_PIN_All, GPIO_PIN_SET);
 262              		.loc 1 118 0
 263 0004 0122     		movs	r2, #1
 264 0006 4FF6FF71 		movw	r1, #65535
 265 000a 0748     		ldr	r0, .L20
 266              	.LVL14:
 267 000c FFF7FEFF 		bl	HAL_GPIO_WritePin
 268              	.LVL15:
 119:Src/gpio.c    ****     if(layer < 4)
 269              		.loc 1 119 0
 270 0010 032C     		cmp	r4, #3
 271 0012 00D9     		bls	.L19
 272              	.L16:
 120:Src/gpio.c    ****     {
 121:Src/gpio.c    ****         HAL_GPIO_WritePin(GPIOB, 1 << (layer + 12), GPIO_PIN_RESET);
 122:Src/gpio.c    ****     }
 123:Src/gpio.c    **** }
 273              		.loc 1 123 0
 274 0014 10BD     		pop	{r4, pc}
 275              	.L19:
 121:Src/gpio.c    ****     }
 276              		.loc 1 121 0
 277 0016 0C34     		adds	r4, r4, #12
 278 0018 0121     		movs	r1, #1
 279 001a A140     		lsls	r1, r1, r4
 280 001c 0022     		movs	r2, #0
 281 001e 89B2     		uxth	r1, r1
ARM GAS  /tmp/cco29Yvx.s 			page 8


 282 0020 0148     		ldr	r0, .L20
 283 0022 FFF7FEFF 		bl	HAL_GPIO_WritePin
 284              	.LVL16:
 285              		.loc 1 123 0
 286 0026 F5E7     		b	.L16
 287              	.L21:
 288              		.align	2
 289              	.L20:
 290 0028 000C0140 		.word	1073810432
 291              		.cfi_endproc
 292              	.LFE67:
 294              		.text
 295              	.Letext0:
 296              		.file 2 "/usr/arm-none-eabi/include/machine/_default_types.h"
 297              		.file 3 "/usr/arm-none-eabi/include/sys/_stdint.h"
 298              		.file 4 "Drivers/CMSIS/Include/core_cm3.h"
 299              		.file 5 "Drivers/CMSIS/Device/ST/STM32F1xx/Include/system_stm32f1xx.h"
 300              		.file 6 "Drivers/CMSIS/Device/ST/STM32F1xx/Include/stm32f103xb.h"
 301              		.file 7 "/usr/arm-none-eabi/include/sys/lock.h"
 302              		.file 8 "/usr/arm-none-eabi/include/sys/_types.h"
 303              		.file 9 "/usr/lib/gcc/arm-none-eabi/7.1.0/include/stddef.h"
 304              		.file 10 "/usr/arm-none-eabi/include/sys/reent.h"
 305              		.file 11 "Drivers/STM32F1xx_HAL_Driver/Inc/stm32f1xx_hal_gpio.h"
ARM GAS  /tmp/cco29Yvx.s 			page 9


DEFINED SYMBOLS
                            *ABS*:0000000000000000 gpio.c
     /tmp/cco29Yvx.s:16     .text.MX_GPIO_Init:0000000000000000 $t
     /tmp/cco29Yvx.s:23     .text.MX_GPIO_Init:0000000000000000 MX_GPIO_Init
     /tmp/cco29Yvx.s:151    .text.MX_GPIO_Init:00000000000000b8 $d
     /tmp/cco29Yvx.s:159    .text.gpio_toggle_led:0000000000000000 $t
     /tmp/cco29Yvx.s:166    .text.gpio_toggle_led:0000000000000000 gpio_toggle_led
     /tmp/cco29Yvx.s:187    .text.gpio_toggle_led:0000000000000010 $d
     /tmp/cco29Yvx.s:192    .text.gpio_latch:0000000000000000 $t
     /tmp/cco29Yvx.s:199    .text.gpio_latch:0000000000000000 gpio_latch
     /tmp/cco29Yvx.s:237    .text.gpio_latch:0000000000000024 $d
     /tmp/cco29Yvx.s:242    .text.gpio_layer:0000000000000000 $t
     /tmp/cco29Yvx.s:249    .text.gpio_layer:0000000000000000 gpio_layer
     /tmp/cco29Yvx.s:290    .text.gpio_layer:0000000000000028 $d
                     .debug_frame:0000000000000010 $d

UNDEFINED SYMBOLS
HAL_GPIO_WritePin
HAL_GPIO_Init
HAL_GPIO_TogglePin
