ARM GAS  /tmp/ccylhTwT.s 			page 1


   1              		.cpu cortex-m3
   2              		.eabi_attribute 20, 1
   3              		.eabi_attribute 21, 1
   4              		.eabi_attribute 23, 3
   5              		.eabi_attribute 24, 1
   6              		.eabi_attribute 25, 1
   7              		.eabi_attribute 26, 1
   8              		.eabi_attribute 30, 1
   9              		.eabi_attribute 34, 1
  10              		.eabi_attribute 18, 4
  11              		.file	"stm32f1xx_hal_spi_ex.c"
  12              		.text
  13              	.Ltext0:
  14              		.cfi_sections	.debug_frame
  15              		.section	.text.HAL_SPI_Init,"ax",%progbits
  16              		.align	1
  17              		.global	HAL_SPI_Init
  18              		.syntax unified
  19              		.thumb
  20              		.thumb_func
  21              		.fpu softvfp
  23              	HAL_SPI_Init:
  24              	.LFB64:
  25              		.file 1 "Drivers/STM32F1xx_HAL_Driver/Src/stm32f1xx_hal_spi_ex.c"
   1:Drivers/STM32F1xx_HAL_Driver/Src/stm32f1xx_hal_spi_ex.c **** /**
   2:Drivers/STM32F1xx_HAL_Driver/Src/stm32f1xx_hal_spi_ex.c ****   ******************************************************************************
   3:Drivers/STM32F1xx_HAL_Driver/Src/stm32f1xx_hal_spi_ex.c ****   * @file    stm32f1xx_hal_spi_ex.c
   4:Drivers/STM32F1xx_HAL_Driver/Src/stm32f1xx_hal_spi_ex.c ****   * @author  MCD Application Team
   5:Drivers/STM32F1xx_HAL_Driver/Src/stm32f1xx_hal_spi_ex.c ****   * @version V1.0.4
   6:Drivers/STM32F1xx_HAL_Driver/Src/stm32f1xx_hal_spi_ex.c ****   * @date    29-April-2016
   7:Drivers/STM32F1xx_HAL_Driver/Src/stm32f1xx_hal_spi_ex.c ****   * @brief   Extended SPI HAL module driver.
   8:Drivers/STM32F1xx_HAL_Driver/Src/stm32f1xx_hal_spi_ex.c ****   *    
   9:Drivers/STM32F1xx_HAL_Driver/Src/stm32f1xx_hal_spi_ex.c ****   *          This file provides firmware functions to manage the following 
  10:Drivers/STM32F1xx_HAL_Driver/Src/stm32f1xx_hal_spi_ex.c ****   *          functionalities SPI extension peripheral:
  11:Drivers/STM32F1xx_HAL_Driver/Src/stm32f1xx_hal_spi_ex.c ****   *           + Extended Peripheral Control functions
  12:Drivers/STM32F1xx_HAL_Driver/Src/stm32f1xx_hal_spi_ex.c ****   *  
  13:Drivers/STM32F1xx_HAL_Driver/Src/stm32f1xx_hal_spi_ex.c ****   ******************************************************************************
  14:Drivers/STM32F1xx_HAL_Driver/Src/stm32f1xx_hal_spi_ex.c ****   * @attention
  15:Drivers/STM32F1xx_HAL_Driver/Src/stm32f1xx_hal_spi_ex.c ****   *
  16:Drivers/STM32F1xx_HAL_Driver/Src/stm32f1xx_hal_spi_ex.c ****   * <h2><center>&copy; COPYRIGHT(c) 2016 STMicroelectronics</center></h2>
  17:Drivers/STM32F1xx_HAL_Driver/Src/stm32f1xx_hal_spi_ex.c ****   *
  18:Drivers/STM32F1xx_HAL_Driver/Src/stm32f1xx_hal_spi_ex.c ****   * Redistribution and use in source and binary forms, with or without modification,
  19:Drivers/STM32F1xx_HAL_Driver/Src/stm32f1xx_hal_spi_ex.c ****   * are permitted provided that the following conditions are met:
  20:Drivers/STM32F1xx_HAL_Driver/Src/stm32f1xx_hal_spi_ex.c ****   *   1. Redistributions of source code must retain the above copyright notice,
  21:Drivers/STM32F1xx_HAL_Driver/Src/stm32f1xx_hal_spi_ex.c ****   *      this list of conditions and the following disclaimer.
  22:Drivers/STM32F1xx_HAL_Driver/Src/stm32f1xx_hal_spi_ex.c ****   *   2. Redistributions in binary form must reproduce the above copyright notice,
  23:Drivers/STM32F1xx_HAL_Driver/Src/stm32f1xx_hal_spi_ex.c ****   *      this list of conditions and the following disclaimer in the documentation
  24:Drivers/STM32F1xx_HAL_Driver/Src/stm32f1xx_hal_spi_ex.c ****   *      and/or other materials provided with the distribution.
  25:Drivers/STM32F1xx_HAL_Driver/Src/stm32f1xx_hal_spi_ex.c ****   *   3. Neither the name of STMicroelectronics nor the names of its contributors
  26:Drivers/STM32F1xx_HAL_Driver/Src/stm32f1xx_hal_spi_ex.c ****   *      may be used to endorse or promote products derived from this software
  27:Drivers/STM32F1xx_HAL_Driver/Src/stm32f1xx_hal_spi_ex.c ****   *      without specific prior written permission.
  28:Drivers/STM32F1xx_HAL_Driver/Src/stm32f1xx_hal_spi_ex.c ****   *
  29:Drivers/STM32F1xx_HAL_Driver/Src/stm32f1xx_hal_spi_ex.c ****   * THIS SOFTWARE IS PROVIDED BY THE COPYRIGHT HOLDERS AND CONTRIBUTORS "AS IS"
  30:Drivers/STM32F1xx_HAL_Driver/Src/stm32f1xx_hal_spi_ex.c ****   * AND ANY EXPRESS OR IMPLIED WARRANTIES, INCLUDING, BUT NOT LIMITED TO, THE
  31:Drivers/STM32F1xx_HAL_Driver/Src/stm32f1xx_hal_spi_ex.c ****   * IMPLIED WARRANTIES OF MERCHANTABILITY AND FITNESS FOR A PARTICULAR PURPOSE ARE
  32:Drivers/STM32F1xx_HAL_Driver/Src/stm32f1xx_hal_spi_ex.c ****   * DISCLAIMED. IN NO EVENT SHALL THE COPYRIGHT HOLDER OR CONTRIBUTORS BE LIABLE
  33:Drivers/STM32F1xx_HAL_Driver/Src/stm32f1xx_hal_spi_ex.c ****   * FOR ANY DIRECT, INDIRECT, INCIDENTAL, SPECIAL, EXEMPLARY, OR CONSEQUENTIAL
ARM GAS  /tmp/ccylhTwT.s 			page 2


  34:Drivers/STM32F1xx_HAL_Driver/Src/stm32f1xx_hal_spi_ex.c ****   * DAMAGES (INCLUDING, BUT NOT LIMITED TO, PROCUREMENT OF SUBSTITUTE GOODS OR
  35:Drivers/STM32F1xx_HAL_Driver/Src/stm32f1xx_hal_spi_ex.c ****   * SERVICES; LOSS OF USE, DATA, OR PROFITS; OR BUSINESS INTERRUPTION) HOWEVER
  36:Drivers/STM32F1xx_HAL_Driver/Src/stm32f1xx_hal_spi_ex.c ****   * CAUSED AND ON ANY THEORY OF LIABILITY, WHETHER IN CONTRACT, STRICT LIABILITY,
  37:Drivers/STM32F1xx_HAL_Driver/Src/stm32f1xx_hal_spi_ex.c ****   * OR TORT (INCLUDING NEGLIGENCE OR OTHERWISE) ARISING IN ANY WAY OUT OF THE USE
  38:Drivers/STM32F1xx_HAL_Driver/Src/stm32f1xx_hal_spi_ex.c ****   * OF THIS SOFTWARE, EVEN IF ADVISED OF THE POSSIBILITY OF SUCH DAMAGE.
  39:Drivers/STM32F1xx_HAL_Driver/Src/stm32f1xx_hal_spi_ex.c ****   *
  40:Drivers/STM32F1xx_HAL_Driver/Src/stm32f1xx_hal_spi_ex.c ****   ******************************************************************************
  41:Drivers/STM32F1xx_HAL_Driver/Src/stm32f1xx_hal_spi_ex.c ****   */
  42:Drivers/STM32F1xx_HAL_Driver/Src/stm32f1xx_hal_spi_ex.c **** 
  43:Drivers/STM32F1xx_HAL_Driver/Src/stm32f1xx_hal_spi_ex.c **** /* Includes ------------------------------------------------------------------*/
  44:Drivers/STM32F1xx_HAL_Driver/Src/stm32f1xx_hal_spi_ex.c **** #include "stm32f1xx_hal.h"
  45:Drivers/STM32F1xx_HAL_Driver/Src/stm32f1xx_hal_spi_ex.c **** 
  46:Drivers/STM32F1xx_HAL_Driver/Src/stm32f1xx_hal_spi_ex.c **** /** @addtogroup STM32F1xx_HAL_Driver
  47:Drivers/STM32F1xx_HAL_Driver/Src/stm32f1xx_hal_spi_ex.c ****   * @{
  48:Drivers/STM32F1xx_HAL_Driver/Src/stm32f1xx_hal_spi_ex.c ****   */
  49:Drivers/STM32F1xx_HAL_Driver/Src/stm32f1xx_hal_spi_ex.c **** 
  50:Drivers/STM32F1xx_HAL_Driver/Src/stm32f1xx_hal_spi_ex.c **** /** @addtogroup SPI
  51:Drivers/STM32F1xx_HAL_Driver/Src/stm32f1xx_hal_spi_ex.c ****   * @{
  52:Drivers/STM32F1xx_HAL_Driver/Src/stm32f1xx_hal_spi_ex.c ****   */
  53:Drivers/STM32F1xx_HAL_Driver/Src/stm32f1xx_hal_spi_ex.c **** #ifdef HAL_SPI_MODULE_ENABLED
  54:Drivers/STM32F1xx_HAL_Driver/Src/stm32f1xx_hal_spi_ex.c **** 
  55:Drivers/STM32F1xx_HAL_Driver/Src/stm32f1xx_hal_spi_ex.c **** /** @defgroup SPI_Private_Variables SPI Private Variables
  56:Drivers/STM32F1xx_HAL_Driver/Src/stm32f1xx_hal_spi_ex.c ****  * @{
  57:Drivers/STM32F1xx_HAL_Driver/Src/stm32f1xx_hal_spi_ex.c ****  */
  58:Drivers/STM32F1xx_HAL_Driver/Src/stm32f1xx_hal_spi_ex.c **** /* Variable used to determine if device is impacted by implementation of workaround
  59:Drivers/STM32F1xx_HAL_Driver/Src/stm32f1xx_hal_spi_ex.c ****    related to wrong CRC errors detection on SPI2. Conditions in which this workaround has to be app
  60:Drivers/STM32F1xx_HAL_Driver/Src/stm32f1xx_hal_spi_ex.c ****     - STM32F101CDE/STM32F103CDE
  61:Drivers/STM32F1xx_HAL_Driver/Src/stm32f1xx_hal_spi_ex.c ****     - Revision ID : Z
  62:Drivers/STM32F1xx_HAL_Driver/Src/stm32f1xx_hal_spi_ex.c ****     - SPI2
  63:Drivers/STM32F1xx_HAL_Driver/Src/stm32f1xx_hal_spi_ex.c ****     - In receive only mode, with CRC calculation enabled, at the end of the CRC reception,
  64:Drivers/STM32F1xx_HAL_Driver/Src/stm32f1xx_hal_spi_ex.c ****       the software needs to check the CRCERR flag. If it is found set, read back the SPI_RXCRC:
  65:Drivers/STM32F1xx_HAL_Driver/Src/stm32f1xx_hal_spi_ex.c ****         + If the value is 0, the complete data transfer is successful.
  66:Drivers/STM32F1xx_HAL_Driver/Src/stm32f1xx_hal_spi_ex.c ****         + Otherwise, one or more errors have been detected during the data transfer by CPU or DMA.
  67:Drivers/STM32F1xx_HAL_Driver/Src/stm32f1xx_hal_spi_ex.c ****       If CRCERR is found reset, the complete data transfer is considered successful.
  68:Drivers/STM32F1xx_HAL_Driver/Src/stm32f1xx_hal_spi_ex.c **** */
  69:Drivers/STM32F1xx_HAL_Driver/Src/stm32f1xx_hal_spi_ex.c **** uint8_t uCRCErrorWorkaroundCheck = 0;
  70:Drivers/STM32F1xx_HAL_Driver/Src/stm32f1xx_hal_spi_ex.c **** /**
  71:Drivers/STM32F1xx_HAL_Driver/Src/stm32f1xx_hal_spi_ex.c ****   * @}
  72:Drivers/STM32F1xx_HAL_Driver/Src/stm32f1xx_hal_spi_ex.c ****   */
  73:Drivers/STM32F1xx_HAL_Driver/Src/stm32f1xx_hal_spi_ex.c **** 
  74:Drivers/STM32F1xx_HAL_Driver/Src/stm32f1xx_hal_spi_ex.c **** 
  75:Drivers/STM32F1xx_HAL_Driver/Src/stm32f1xx_hal_spi_ex.c **** /* Private typedef -----------------------------------------------------------*/
  76:Drivers/STM32F1xx_HAL_Driver/Src/stm32f1xx_hal_spi_ex.c **** /* Private define ------------------------------------------------------------*/
  77:Drivers/STM32F1xx_HAL_Driver/Src/stm32f1xx_hal_spi_ex.c **** /* Private macro -------------------------------------------------------------*/
  78:Drivers/STM32F1xx_HAL_Driver/Src/stm32f1xx_hal_spi_ex.c **** /* Private variables ---------------------------------------------------------*/
  79:Drivers/STM32F1xx_HAL_Driver/Src/stm32f1xx_hal_spi_ex.c **** /* Private function prototypes -----------------------------------------------*/
  80:Drivers/STM32F1xx_HAL_Driver/Src/stm32f1xx_hal_spi_ex.c **** /* Private functions ---------------------------------------------------------*/
  81:Drivers/STM32F1xx_HAL_Driver/Src/stm32f1xx_hal_spi_ex.c **** 
  82:Drivers/STM32F1xx_HAL_Driver/Src/stm32f1xx_hal_spi_ex.c **** /** @addtogroup SPI_Exported_Functions
  83:Drivers/STM32F1xx_HAL_Driver/Src/stm32f1xx_hal_spi_ex.c ****   * @{
  84:Drivers/STM32F1xx_HAL_Driver/Src/stm32f1xx_hal_spi_ex.c ****   */
  85:Drivers/STM32F1xx_HAL_Driver/Src/stm32f1xx_hal_spi_ex.c **** 
  86:Drivers/STM32F1xx_HAL_Driver/Src/stm32f1xx_hal_spi_ex.c **** /** @addtogroup SPI_Exported_Functions_Group1
  87:Drivers/STM32F1xx_HAL_Driver/Src/stm32f1xx_hal_spi_ex.c ****  *
  88:Drivers/STM32F1xx_HAL_Driver/Src/stm32f1xx_hal_spi_ex.c ****   * @{
  89:Drivers/STM32F1xx_HAL_Driver/Src/stm32f1xx_hal_spi_ex.c ****   */
  90:Drivers/STM32F1xx_HAL_Driver/Src/stm32f1xx_hal_spi_ex.c **** 
ARM GAS  /tmp/ccylhTwT.s 			page 3


  91:Drivers/STM32F1xx_HAL_Driver/Src/stm32f1xx_hal_spi_ex.c **** /**
  92:Drivers/STM32F1xx_HAL_Driver/Src/stm32f1xx_hal_spi_ex.c ****   * @brief  Initializes the SPI according to the specified parameters 
  93:Drivers/STM32F1xx_HAL_Driver/Src/stm32f1xx_hal_spi_ex.c ****   *         in the SPI_InitTypeDef and create the associated handle.
  94:Drivers/STM32F1xx_HAL_Driver/Src/stm32f1xx_hal_spi_ex.c ****   * @param  hspi: pointer to a SPI_HandleTypeDef structure that contains
  95:Drivers/STM32F1xx_HAL_Driver/Src/stm32f1xx_hal_spi_ex.c ****   *                the configuration information for SPI module.
  96:Drivers/STM32F1xx_HAL_Driver/Src/stm32f1xx_hal_spi_ex.c ****   * @retval HAL status
  97:Drivers/STM32F1xx_HAL_Driver/Src/stm32f1xx_hal_spi_ex.c ****   */
  98:Drivers/STM32F1xx_HAL_Driver/Src/stm32f1xx_hal_spi_ex.c **** HAL_StatusTypeDef HAL_SPI_Init(SPI_HandleTypeDef *hspi)
  99:Drivers/STM32F1xx_HAL_Driver/Src/stm32f1xx_hal_spi_ex.c **** {
  26              		.loc 1 99 0
  27              		.cfi_startproc
  28              		@ args = 0, pretend = 0, frame = 0
  29              		@ frame_needed = 0, uses_anonymous_args = 0
  30              	.LVL0:
 100:Drivers/STM32F1xx_HAL_Driver/Src/stm32f1xx_hal_spi_ex.c ****   /* Check the SPI handle allocation */
 101:Drivers/STM32F1xx_HAL_Driver/Src/stm32f1xx_hal_spi_ex.c ****   if(hspi == NULL)
  31              		.loc 1 101 0
  32 0000 0028     		cmp	r0, #0
  33 0002 3CD0     		beq	.L4
  99:Drivers/STM32F1xx_HAL_Driver/Src/stm32f1xx_hal_spi_ex.c ****   /* Check the SPI handle allocation */
  34              		.loc 1 99 0
  35 0004 10B5     		push	{r4, lr}
  36              	.LCFI0:
  37              		.cfi_def_cfa_offset 8
  38              		.cfi_offset 4, -8
  39              		.cfi_offset 14, -4
  40 0006 0446     		mov	r4, r0
 102:Drivers/STM32F1xx_HAL_Driver/Src/stm32f1xx_hal_spi_ex.c ****   {
 103:Drivers/STM32F1xx_HAL_Driver/Src/stm32f1xx_hal_spi_ex.c ****     return HAL_ERROR;
 104:Drivers/STM32F1xx_HAL_Driver/Src/stm32f1xx_hal_spi_ex.c ****   }
 105:Drivers/STM32F1xx_HAL_Driver/Src/stm32f1xx_hal_spi_ex.c **** 
 106:Drivers/STM32F1xx_HAL_Driver/Src/stm32f1xx_hal_spi_ex.c ****   /* Check the parameters */
 107:Drivers/STM32F1xx_HAL_Driver/Src/stm32f1xx_hal_spi_ex.c ****   assert_param(IS_SPI_ALL_INSTANCE(hspi->Instance));
 108:Drivers/STM32F1xx_HAL_Driver/Src/stm32f1xx_hal_spi_ex.c ****   assert_param(IS_SPI_MODE(hspi->Init.Mode));
 109:Drivers/STM32F1xx_HAL_Driver/Src/stm32f1xx_hal_spi_ex.c ****   assert_param(IS_SPI_DIRECTION_MODE(hspi->Init.Direction));
 110:Drivers/STM32F1xx_HAL_Driver/Src/stm32f1xx_hal_spi_ex.c ****   assert_param(IS_SPI_DATASIZE(hspi->Init.DataSize));
 111:Drivers/STM32F1xx_HAL_Driver/Src/stm32f1xx_hal_spi_ex.c ****   assert_param(IS_SPI_CPOL(hspi->Init.CLKPolarity));
 112:Drivers/STM32F1xx_HAL_Driver/Src/stm32f1xx_hal_spi_ex.c ****   assert_param(IS_SPI_CPHA(hspi->Init.CLKPhase));
 113:Drivers/STM32F1xx_HAL_Driver/Src/stm32f1xx_hal_spi_ex.c ****   assert_param(IS_SPI_NSS(hspi->Init.NSS));
 114:Drivers/STM32F1xx_HAL_Driver/Src/stm32f1xx_hal_spi_ex.c ****   assert_param(IS_SPI_BAUDRATE_PRESCALER(hspi->Init.BaudRatePrescaler));
 115:Drivers/STM32F1xx_HAL_Driver/Src/stm32f1xx_hal_spi_ex.c ****   assert_param(IS_SPI_FIRST_BIT(hspi->Init.FirstBit));
 116:Drivers/STM32F1xx_HAL_Driver/Src/stm32f1xx_hal_spi_ex.c ****   assert_param(IS_SPI_TIMODE(hspi->Init.TIMode));
 117:Drivers/STM32F1xx_HAL_Driver/Src/stm32f1xx_hal_spi_ex.c ****   assert_param(IS_SPI_CRC_CALCULATION(hspi->Init.CRCCalculation));
 118:Drivers/STM32F1xx_HAL_Driver/Src/stm32f1xx_hal_spi_ex.c ****   assert_param(IS_SPI_CRC_POLYNOMIAL(hspi->Init.CRCPolynomial));
 119:Drivers/STM32F1xx_HAL_Driver/Src/stm32f1xx_hal_spi_ex.c **** 
 120:Drivers/STM32F1xx_HAL_Driver/Src/stm32f1xx_hal_spi_ex.c ****   if(hspi->State == HAL_SPI_STATE_RESET)
  41              		.loc 1 120 0
  42 0008 90F85130 		ldrb	r3, [r0, #81]	@ zero_extendqisi2
  43 000c 002B     		cmp	r3, #0
  44 000e 33D0     		beq	.L9
  45              	.LVL1:
  46              	.L3:
 121:Drivers/STM32F1xx_HAL_Driver/Src/stm32f1xx_hal_spi_ex.c ****   {
 122:Drivers/STM32F1xx_HAL_Driver/Src/stm32f1xx_hal_spi_ex.c ****     /* Init the low level hardware : GPIO, CLOCK, NVIC... */
 123:Drivers/STM32F1xx_HAL_Driver/Src/stm32f1xx_hal_spi_ex.c ****     HAL_SPI_MspInit(hspi);
 124:Drivers/STM32F1xx_HAL_Driver/Src/stm32f1xx_hal_spi_ex.c ****   }
 125:Drivers/STM32F1xx_HAL_Driver/Src/stm32f1xx_hal_spi_ex.c ****   
ARM GAS  /tmp/ccylhTwT.s 			page 4


 126:Drivers/STM32F1xx_HAL_Driver/Src/stm32f1xx_hal_spi_ex.c ****   hspi->State = HAL_SPI_STATE_BUSY;
  47              		.loc 1 126 0
  48 0010 0223     		movs	r3, #2
  49 0012 84F85130 		strb	r3, [r4, #81]
 127:Drivers/STM32F1xx_HAL_Driver/Src/stm32f1xx_hal_spi_ex.c **** 
 128:Drivers/STM32F1xx_HAL_Driver/Src/stm32f1xx_hal_spi_ex.c ****   /* Disble the selected SPI peripheral */
 129:Drivers/STM32F1xx_HAL_Driver/Src/stm32f1xx_hal_spi_ex.c ****   __HAL_SPI_DISABLE(hspi);
  50              		.loc 1 129 0
  51 0016 2268     		ldr	r2, [r4]
  52 0018 1368     		ldr	r3, [r2]
  53 001a 23F04003 		bic	r3, r3, #64
  54 001e 1360     		str	r3, [r2]
 130:Drivers/STM32F1xx_HAL_Driver/Src/stm32f1xx_hal_spi_ex.c **** 
 131:Drivers/STM32F1xx_HAL_Driver/Src/stm32f1xx_hal_spi_ex.c ****   /*----------------------- SPIx CR1 & CR2 Configuration ---------------------*/
 132:Drivers/STM32F1xx_HAL_Driver/Src/stm32f1xx_hal_spi_ex.c ****   /* Configure : SPI Mode, Communication Mode, Data size, Clock polarity and phase, NSS management,
 133:Drivers/STM32F1xx_HAL_Driver/Src/stm32f1xx_hal_spi_ex.c ****   Communication speed, First bit and CRC calculation state */
 134:Drivers/STM32F1xx_HAL_Driver/Src/stm32f1xx_hal_spi_ex.c ****   WRITE_REG(hspi->Instance->CR1, (hspi->Init.Mode | hspi->Init.Direction | hspi->Init.DataSize |
  55              		.loc 1 134 0
  56 0020 6368     		ldr	r3, [r4, #4]
  57 0022 A268     		ldr	r2, [r4, #8]
  58 0024 1343     		orrs	r3, r3, r2
  59 0026 E268     		ldr	r2, [r4, #12]
  60 0028 1343     		orrs	r3, r3, r2
  61 002a 2269     		ldr	r2, [r4, #16]
  62 002c 1343     		orrs	r3, r3, r2
  63 002e 6269     		ldr	r2, [r4, #20]
  64 0030 1343     		orrs	r3, r3, r2
  65 0032 A269     		ldr	r2, [r4, #24]
  66 0034 02F40072 		and	r2, r2, #512
  67 0038 1343     		orrs	r3, r3, r2
  68 003a E269     		ldr	r2, [r4, #28]
  69 003c 1343     		orrs	r3, r3, r2
  70 003e 226A     		ldr	r2, [r4, #32]
  71 0040 1343     		orrs	r3, r3, r2
  72 0042 A16A     		ldr	r1, [r4, #40]
  73 0044 2268     		ldr	r2, [r4]
  74 0046 0B43     		orrs	r3, r3, r1
  75 0048 1360     		str	r3, [r2]
 135:Drivers/STM32F1xx_HAL_Driver/Src/stm32f1xx_hal_spi_ex.c ****                                   hspi->Init.CLKPolarity | hspi->Init.CLKPhase | (hspi->Init.NSS & 
 136:Drivers/STM32F1xx_HAL_Driver/Src/stm32f1xx_hal_spi_ex.c ****                                   hspi->Init.BaudRatePrescaler | hspi->Init.FirstBit  | hspi->Init.
 137:Drivers/STM32F1xx_HAL_Driver/Src/stm32f1xx_hal_spi_ex.c **** 
 138:Drivers/STM32F1xx_HAL_Driver/Src/stm32f1xx_hal_spi_ex.c ****   /* Configure : NSS management */
 139:Drivers/STM32F1xx_HAL_Driver/Src/stm32f1xx_hal_spi_ex.c ****   WRITE_REG(hspi->Instance->CR2, (((hspi->Init.NSS >> 16) & SPI_CR2_SSOE) | hspi->Init.TIMode));
  76              		.loc 1 139 0
  77 004a 638B     		ldrh	r3, [r4, #26]
  78 004c 03F00403 		and	r3, r3, #4
  79 0050 616A     		ldr	r1, [r4, #36]
  80 0052 2268     		ldr	r2, [r4]
  81 0054 0B43     		orrs	r3, r3, r1
  82 0056 5360     		str	r3, [r2, #4]
 140:Drivers/STM32F1xx_HAL_Driver/Src/stm32f1xx_hal_spi_ex.c **** 
 141:Drivers/STM32F1xx_HAL_Driver/Src/stm32f1xx_hal_spi_ex.c ****   /*---------------------------- SPIx CRCPOLY Configuration ------------------*/
 142:Drivers/STM32F1xx_HAL_Driver/Src/stm32f1xx_hal_spi_ex.c ****   /* Configure : CRC Polynomial */
 143:Drivers/STM32F1xx_HAL_Driver/Src/stm32f1xx_hal_spi_ex.c ****   WRITE_REG(hspi->Instance->CRCPR, hspi->Init.CRCPolynomial);
  83              		.loc 1 143 0
  84 0058 2368     		ldr	r3, [r4]
  85 005a E26A     		ldr	r2, [r4, #44]
ARM GAS  /tmp/ccylhTwT.s 			page 5


  86 005c 1A61     		str	r2, [r3, #16]
 144:Drivers/STM32F1xx_HAL_Driver/Src/stm32f1xx_hal_spi_ex.c **** 
 145:Drivers/STM32F1xx_HAL_Driver/Src/stm32f1xx_hal_spi_ex.c **** #if defined (STM32F101x6) || defined (STM32F101xB) || defined (STM32F101xE) || defined (STM32F101xG
 146:Drivers/STM32F1xx_HAL_Driver/Src/stm32f1xx_hal_spi_ex.c ****   /* Activate the SPI mode (Make sure that I2SMOD bit in I2SCFGR register is reset) */
 147:Drivers/STM32F1xx_HAL_Driver/Src/stm32f1xx_hal_spi_ex.c ****   CLEAR_BIT(hspi->Instance->I2SCFGR, SPI_I2SCFGR_I2SMOD);
  87              		.loc 1 147 0
  88 005e 2268     		ldr	r2, [r4]
  89 0060 D369     		ldr	r3, [r2, #28]
  90 0062 23F40063 		bic	r3, r3, #2048
  91 0066 D361     		str	r3, [r2, #28]
 148:Drivers/STM32F1xx_HAL_Driver/Src/stm32f1xx_hal_spi_ex.c **** #endif
 149:Drivers/STM32F1xx_HAL_Driver/Src/stm32f1xx_hal_spi_ex.c **** 
 150:Drivers/STM32F1xx_HAL_Driver/Src/stm32f1xx_hal_spi_ex.c **** #if defined (STM32F101xE) || defined (STM32F103xE)
 151:Drivers/STM32F1xx_HAL_Driver/Src/stm32f1xx_hal_spi_ex.c ****   /* Check RevisionID value for identifying if Device is Rev Z (0x0001) in order to enable workarou
 152:Drivers/STM32F1xx_HAL_Driver/Src/stm32f1xx_hal_spi_ex.c ****      CRC errors wrongly detected */
 153:Drivers/STM32F1xx_HAL_Driver/Src/stm32f1xx_hal_spi_ex.c ****   /* Pb is that ES_STM32F10xxCDE also identify an issue in Debug registers access while not in Debu
 154:Drivers/STM32F1xx_HAL_Driver/Src/stm32f1xx_hal_spi_ex.c ****      Revision ID information is only available in Debug mode, so Workaround could not be implemente
 155:Drivers/STM32F1xx_HAL_Driver/Src/stm32f1xx_hal_spi_ex.c ****      to distinguish Rev Z devices (issue present) from more recent version (issue fixed).
 156:Drivers/STM32F1xx_HAL_Driver/Src/stm32f1xx_hal_spi_ex.c ****      So, in case of Revison Z F101 or F103 devices, below variable should be assigned to 1 */
 157:Drivers/STM32F1xx_HAL_Driver/Src/stm32f1xx_hal_spi_ex.c ****   uCRCErrorWorkaroundCheck = 0;
 158:Drivers/STM32F1xx_HAL_Driver/Src/stm32f1xx_hal_spi_ex.c **** #else
 159:Drivers/STM32F1xx_HAL_Driver/Src/stm32f1xx_hal_spi_ex.c ****   uCRCErrorWorkaroundCheck = 0;
  92              		.loc 1 159 0
  93 0068 0020     		movs	r0, #0
  94 006a 064B     		ldr	r3, .L10
  95 006c 1870     		strb	r0, [r3]
 160:Drivers/STM32F1xx_HAL_Driver/Src/stm32f1xx_hal_spi_ex.c **** #endif
 161:Drivers/STM32F1xx_HAL_Driver/Src/stm32f1xx_hal_spi_ex.c **** 
 162:Drivers/STM32F1xx_HAL_Driver/Src/stm32f1xx_hal_spi_ex.c ****   hspi->ErrorCode = HAL_SPI_ERROR_NONE;
  96              		.loc 1 162 0
  97 006e 6065     		str	r0, [r4, #84]
 163:Drivers/STM32F1xx_HAL_Driver/Src/stm32f1xx_hal_spi_ex.c ****   hspi->State = HAL_SPI_STATE_READY;
  98              		.loc 1 163 0
  99 0070 0123     		movs	r3, #1
 100 0072 84F85130 		strb	r3, [r4, #81]
 164:Drivers/STM32F1xx_HAL_Driver/Src/stm32f1xx_hal_spi_ex.c ****   
 165:Drivers/STM32F1xx_HAL_Driver/Src/stm32f1xx_hal_spi_ex.c ****   return HAL_OK;
 166:Drivers/STM32F1xx_HAL_Driver/Src/stm32f1xx_hal_spi_ex.c **** }
 101              		.loc 1 166 0
 102 0076 10BD     		pop	{r4, pc}
 103              	.LVL2:
 104              	.L9:
 123:Drivers/STM32F1xx_HAL_Driver/Src/stm32f1xx_hal_spi_ex.c ****   }
 105              		.loc 1 123 0
 106 0078 FFF7FEFF 		bl	HAL_SPI_MspInit
 107              	.LVL3:
 108 007c C8E7     		b	.L3
 109              	.LVL4:
 110              	.L4:
 111              	.LCFI1:
 112              		.cfi_def_cfa_offset 0
 113              		.cfi_restore 4
 114              		.cfi_restore 14
 103:Drivers/STM32F1xx_HAL_Driver/Src/stm32f1xx_hal_spi_ex.c ****   }
 115              		.loc 1 103 0
 116 007e 0120     		movs	r0, #1
 117              	.LVL5:
ARM GAS  /tmp/ccylhTwT.s 			page 6


 118              		.loc 1 166 0
 119 0080 7047     		bx	lr
 120              	.L11:
 121 0082 00BF     		.align	2
 122              	.L10:
 123 0084 00000000 		.word	.LANCHOR0
 124              		.cfi_endproc
 125              	.LFE64:
 127              		.section	.text.SPI_ISCRCErrorValid,"ax",%progbits
 128              		.align	1
 129              		.global	SPI_ISCRCErrorValid
 130              		.syntax unified
 131              		.thumb
 132              		.thumb_func
 133              		.fpu softvfp
 135              	SPI_ISCRCErrorValid:
 136              	.LFB65:
 167:Drivers/STM32F1xx_HAL_Driver/Src/stm32f1xx_hal_spi_ex.c **** 
 168:Drivers/STM32F1xx_HAL_Driver/Src/stm32f1xx_hal_spi_ex.c **** /**
 169:Drivers/STM32F1xx_HAL_Driver/Src/stm32f1xx_hal_spi_ex.c ****   * @}
 170:Drivers/STM32F1xx_HAL_Driver/Src/stm32f1xx_hal_spi_ex.c ****   */
 171:Drivers/STM32F1xx_HAL_Driver/Src/stm32f1xx_hal_spi_ex.c **** 
 172:Drivers/STM32F1xx_HAL_Driver/Src/stm32f1xx_hal_spi_ex.c **** /**
 173:Drivers/STM32F1xx_HAL_Driver/Src/stm32f1xx_hal_spi_ex.c ****   * @}
 174:Drivers/STM32F1xx_HAL_Driver/Src/stm32f1xx_hal_spi_ex.c ****   */
 175:Drivers/STM32F1xx_HAL_Driver/Src/stm32f1xx_hal_spi_ex.c **** 
 176:Drivers/STM32F1xx_HAL_Driver/Src/stm32f1xx_hal_spi_ex.c **** /** @addtogroup SPI_Private_Functions
 177:Drivers/STM32F1xx_HAL_Driver/Src/stm32f1xx_hal_spi_ex.c ****   * @{
 178:Drivers/STM32F1xx_HAL_Driver/Src/stm32f1xx_hal_spi_ex.c ****   */
 179:Drivers/STM32F1xx_HAL_Driver/Src/stm32f1xx_hal_spi_ex.c **** 
 180:Drivers/STM32F1xx_HAL_Driver/Src/stm32f1xx_hal_spi_ex.c **** /**
 181:Drivers/STM32F1xx_HAL_Driver/Src/stm32f1xx_hal_spi_ex.c ****   * @brief  Checks if encountered CRC error could be corresponding to wrongly detected errors 
 182:Drivers/STM32F1xx_HAL_Driver/Src/stm32f1xx_hal_spi_ex.c ****   *         according to SPI instance, Device type, and revision ID.
 183:Drivers/STM32F1xx_HAL_Driver/Src/stm32f1xx_hal_spi_ex.c ****   * @param  hspi: pointer to a SPI_HandleTypeDef structure that contains
 184:Drivers/STM32F1xx_HAL_Driver/Src/stm32f1xx_hal_spi_ex.c ****   *               the configuration information for SPI module.
 185:Drivers/STM32F1xx_HAL_Driver/Src/stm32f1xx_hal_spi_ex.c ****   * @retval CRC error validity (SPI_INVALID_CRC_ERROR or SPI_VALID_CRC_ERROR).  
 186:Drivers/STM32F1xx_HAL_Driver/Src/stm32f1xx_hal_spi_ex.c **** */
 187:Drivers/STM32F1xx_HAL_Driver/Src/stm32f1xx_hal_spi_ex.c **** uint8_t SPI_ISCRCErrorValid(SPI_HandleTypeDef *hspi)
 188:Drivers/STM32F1xx_HAL_Driver/Src/stm32f1xx_hal_spi_ex.c **** {
 137              		.loc 1 188 0
 138              		.cfi_startproc
 139              		@ args = 0, pretend = 0, frame = 0
 140              		@ frame_needed = 0, uses_anonymous_args = 0
 141              		@ link register save eliminated.
 142              	.LVL6:
 189:Drivers/STM32F1xx_HAL_Driver/Src/stm32f1xx_hal_spi_ex.c **** #if defined (STM32F101xE) || defined (STM32F103xE)
 190:Drivers/STM32F1xx_HAL_Driver/Src/stm32f1xx_hal_spi_ex.c ****   /* Check how to handle this CRC error (workaround to be applied or not) */
 191:Drivers/STM32F1xx_HAL_Driver/Src/stm32f1xx_hal_spi_ex.c ****   /* If CRC errors could be wrongly detected (issue 2.15.2 in STM32F10xxC/D/E silicon limitations E
 192:Drivers/STM32F1xx_HAL_Driver/Src/stm32f1xx_hal_spi_ex.c ****   if ( (uCRCErrorWorkaroundCheck != 0) && (hspi->Instance == SPI2) )
 193:Drivers/STM32F1xx_HAL_Driver/Src/stm32f1xx_hal_spi_ex.c ****   {
 194:Drivers/STM32F1xx_HAL_Driver/Src/stm32f1xx_hal_spi_ex.c ****     if (hspi->Instance->RXCRCR == 0)
 195:Drivers/STM32F1xx_HAL_Driver/Src/stm32f1xx_hal_spi_ex.c ****     {
 196:Drivers/STM32F1xx_HAL_Driver/Src/stm32f1xx_hal_spi_ex.c ****       return (SPI_INVALID_CRC_ERROR);
 197:Drivers/STM32F1xx_HAL_Driver/Src/stm32f1xx_hal_spi_ex.c ****     }
 198:Drivers/STM32F1xx_HAL_Driver/Src/stm32f1xx_hal_spi_ex.c ****   }
 199:Drivers/STM32F1xx_HAL_Driver/Src/stm32f1xx_hal_spi_ex.c ****   return (SPI_VALID_CRC_ERROR);
 200:Drivers/STM32F1xx_HAL_Driver/Src/stm32f1xx_hal_spi_ex.c **** #else
ARM GAS  /tmp/ccylhTwT.s 			page 7


 201:Drivers/STM32F1xx_HAL_Driver/Src/stm32f1xx_hal_spi_ex.c ****   return (SPI_VALID_CRC_ERROR);
 202:Drivers/STM32F1xx_HAL_Driver/Src/stm32f1xx_hal_spi_ex.c **** #endif
 203:Drivers/STM32F1xx_HAL_Driver/Src/stm32f1xx_hal_spi_ex.c **** }
 143              		.loc 1 203 0
 144 0000 0120     		movs	r0, #1
 145              	.LVL7:
 146 0002 7047     		bx	lr
 147              		.cfi_endproc
 148              	.LFE65:
 150              		.global	uCRCErrorWorkaroundCheck
 151              		.section	.bss.uCRCErrorWorkaroundCheck,"aw",%nobits
 152              		.set	.LANCHOR0,. + 0
 155              	uCRCErrorWorkaroundCheck:
 156 0000 00       		.space	1
 157              		.text
 158              	.Letext0:
 159              		.file 2 "/usr/arm-none-eabi/include/machine/_default_types.h"
 160              		.file 3 "/usr/arm-none-eabi/include/sys/_stdint.h"
 161              		.file 4 "Drivers/CMSIS/Include/core_cm3.h"
 162              		.file 5 "Drivers/CMSIS/Device/ST/STM32F1xx/Include/system_stm32f1xx.h"
 163              		.file 6 "Drivers/CMSIS/Device/ST/STM32F1xx/Include/stm32f103xb.h"
 164              		.file 7 "/usr/arm-none-eabi/include/sys/lock.h"
 165              		.file 8 "/usr/arm-none-eabi/include/sys/_types.h"
 166              		.file 9 "/usr/lib/gcc/arm-none-eabi/7.1.0/include/stddef.h"
 167              		.file 10 "/usr/arm-none-eabi/include/sys/reent.h"
 168              		.file 11 "Drivers/STM32F1xx_HAL_Driver/Inc/stm32f1xx_hal_def.h"
 169              		.file 12 "Drivers/STM32F1xx_HAL_Driver/Inc/stm32f1xx_hal_dma.h"
 170              		.file 13 "Drivers/STM32F1xx_HAL_Driver/Inc/stm32f1xx_hal_spi.h"
ARM GAS  /tmp/ccylhTwT.s 			page 8


DEFINED SYMBOLS
                            *ABS*:0000000000000000 stm32f1xx_hal_spi_ex.c
     /tmp/ccylhTwT.s:16     .text.HAL_SPI_Init:0000000000000000 $t
     /tmp/ccylhTwT.s:23     .text.HAL_SPI_Init:0000000000000000 HAL_SPI_Init
     /tmp/ccylhTwT.s:123    .text.HAL_SPI_Init:0000000000000084 $d
     /tmp/ccylhTwT.s:128    .text.SPI_ISCRCErrorValid:0000000000000000 $t
     /tmp/ccylhTwT.s:135    .text.SPI_ISCRCErrorValid:0000000000000000 SPI_ISCRCErrorValid
     /tmp/ccylhTwT.s:155    .bss.uCRCErrorWorkaroundCheck:0000000000000000 uCRCErrorWorkaroundCheck
     /tmp/ccylhTwT.s:156    .bss.uCRCErrorWorkaroundCheck:0000000000000000 $d
                     .debug_frame:0000000000000010 $d

UNDEFINED SYMBOLS
HAL_SPI_MspInit
